INFO  2019-06-02 01:57:57 Movie:avatar
INFO  2019-06-02 01:59:43 Movie:Guguk Kusu
INFO  2019-06-02 02:06:08 Application is started
INFO  2019-06-02 02:14:37 Application is started
INFO  2019-06-02 02:16:29 Application is started
INFO  2019-06-02 03:32:00 Application is started
INFO  2019-06-02 03:37:11 Application is started
INFO  2019-06-02 03:38:34 Application is started
INFO  2019-06-02 03:39:11 Application is started
INFO  2019-06-02 04:17:34 Application is started
INFO  2019-06-02 04:18:10 Application is started
INFO  2019-06-02 05:13:25 Application is started
INFO  2019-06-02 05:30:30 Application is started
INFO  2019-06-02 05:34:55 Application is started
INFO  2019-06-02 05:35:37 Application is started
INFO  2019-06-02 05:44:19 Application is started
INFO  2019-06-02 05:53:12 Application is started
INFO  2019-06-02 05:56:34 Application is started
INFO  2019-06-02 05:58:23 Application is started
INFO  2019-06-02 05:59:59 Application is started
INFO  2019-06-02 06:01:29 Application is started
INFO  2019-06-02 06:05:14 Application is started
INFO  2019-06-02 06:08:26 Application is started
INFO  2019-06-02 06:09:36 Application is started
INFO  2019-06-02 06:12:33 Application is started
INFO  2019-06-02 06:17:21 Application is started
INFO  2019-06-02 06:20:36 Application is started
INFO  2019-06-02 06:22:04 Application is started
INFO  2019-06-02 06:23:12 Application is started
INFO  2019-06-02 06:27:40 Application is started
INFO  2019-06-02 06:34:11 Application is started
INFO  2019-06-02 02:09:01 Application is started
INFO  2019-06-02 02:12:19 Application is started
INFO  2019-06-02 02:13:58 Application is started
INFO  2019-06-02 03:40:56 Application is started
INFO  2019-06-02 03:49:18 Application is started
INFO  2019-06-02 03:57:32 Application is started
INFO  2019-06-02 03:59:24 Application is started
INFO  2019-06-02 04:01:50 Application is started
INFO  2019-06-02 04:02:20 Application is started
INFO  2019-06-02 04:05:18 Application is started
INFO  2019-06-02 04:05:57 Application is started
INFO  2019-06-02 04:07:45 Application is started
INFO  2019-06-02 04:11:22 Application is started
INFO  2019-06-02 04:15:54 Application is started
INFO  2019-06-02 04:22:42 Application is started
INFO  2019-06-02 04:24:26 Application is started
INFO  2019-06-02 04:24:35 Application is started
INFO  2019-06-02 04:24:44 Application is started
INFO  2019-06-02 04:26:36 Application is started
INFO  2019-06-02 04:34:16 Application is started
INFO  2019-06-02 04:35:20 Application is started
INFO  2019-06-02 04:41:37 Application is started
INFO  2019-06-02 04:44:22 Application is started
INFO  2019-06-02 04:45:00 Application is started
INFO  2019-06-02 04:46:23 Application is started
INFO  2019-06-02 05:04:54 Application is started
INFO  2019-06-02 05:10:11 Application is started
INFO  2019-06-02 05:12:54 Application is started
INFO  2019-06-02 05:17:46 Application is started
INFO  2019-06-02 05:21:28 Application is started
INFO  2019-06-02 05:23:45 Application is started
INFO  2019-06-02 05:27:31 Application is started
INFO  2019-06-02 05:51:43 Application is started
INFO  2019-06-02 05:53:01 Application is started
INFO  2019-06-02 05:58:00 Application is started
INFO  2019-06-02 05:59:20 Application is started
INFO  2019-06-02 06:03:12 Application is started
INFO  2019-06-02 06:04:36 Application is started
INFO  2019-06-02 06:06:57 Application is started
INFO  2019-06-02 06:09:18 Application is started
INFO  2019-06-02 07:08:40 Application is started
INFO  2019-06-02 07:26:37 Application is started
INFO  2019-06-02 07:33:43 Application is started
INFO  2019-06-02 07:35:31 Application is started
INFO  2019-06-02 07:36:13 Application is started
INFO  2019-06-03 02:48:43 Application is started
INFO  2019-06-03 04:15:41 Application is started
INFO  2019-06-03 04:19:00 Application is started
INFO  2019-06-03 04:19:05 Error:
INFO  2019-06-03 04:21:33 Application is started
INFO  2019-06-03 04:21:39 Error:
INFO  2019-06-03 04:22:12 Error:
INFO  2019-06-03 04:22:40 Error:
INFO  2019-06-03 04:23:31 Error:
INFO  2019-06-03 04:25:29 Application is started
INFO  2019-06-03 04:27:03 Application is started
INFO  2019-06-03 04:28:46 Application is started
INFO  2019-06-03 04:30:32 Application is started
INFO  2019-06-03 04:32:14 Application is started
INFO  2019-06-03 11:25:07 Application is started
INFO  2019-06-03 11:25:11 Error:System.Net.Http.HttpRequestException: Bilinen böyle bir ana bilgisayar yok ---> System.Net.Sockets.SocketException: Bilinen böyle bir ana bilgisayar yok
   at System.Net.Http.ConnectHelper.ConnectAsync(String host, Int32 port, CancellationToken cancellationToken)
   --- End of inner exception stack trace ---
   at System.Net.Http.ConnectHelper.ConnectAsync(String host, Int32 port, CancellationToken cancellationToken)
   at System.Threading.Tasks.ValueTask`1.get_Result()
   at System.Net.Http.HttpConnectionPool.CreateConnectionAsync(HttpRequestMessage request, CancellationToken cancellationToken)
   at System.Threading.Tasks.ValueTask`1.get_Result()
   at System.Net.Http.HttpConnectionPool.WaitForCreatedConnectionAsync(ValueTask`1 creationTask)
   at System.Threading.Tasks.ValueTask`1.get_Result()
   at System.Net.Http.HttpConnectionPool.SendWithRetryAsync(HttpRequestMessage request, Boolean doRequestAuth, CancellationToken cancellationToken)
   at System.Net.Http.RedirectHandler.SendAsync(HttpRequestMessage request, CancellationToken cancellationToken)
   at System.Net.Http.DiagnosticsHandler.SendAsync(HttpRequestMessage request, CancellationToken cancellationToken)
   at System.Net.Http.HttpClient.FinishSendAsyncUnbuffered(Task`1 sendTask, HttpRequestMessage request, CancellationTokenSource cts, Boolean disposeCts)
   at System.Net.HttpWebRequest.SendRequest()
   at System.Net.HttpWebRequest.GetResponse()
INFO  2019-06-03 11:28:04 Application is started
INFO  2019-06-03 12:00:51 Application is started
INFO  2019-06-03 12:37:27 Application is started
INFO  2019-06-03 12:42:25 Application is started
INFO  2019-06-03 01:14:04 Application is started
INFO  2019-06-03 01:14:36 Application is started
INFO  2019-06-03 01:20:47 Application is started
INFO  2019-06-03 01:23:50 Application is started
INFO  2019-06-03 01:24:29 Application is started
INFO  2019-06-03 01:26:17 Application is started
INFO  2019-06-03 01:34:36 Application is started
INFO  2019-06-03 01:47:12 Application is started
INFO  2019-06-03 01:49:42 Application is started
INFO  2019-06-03 02:20:31 Application is started
INFO  2019-06-03 02:23:18 Application is started
INFO  2019-06-03 02:23:28 Application is started
